<?xml version="1.0" encoding="UTF-8"?>
<testExecutions version="1">
    <file path="/Users/basithussain/Desktop/se/src/components/Sidebar/FolderHeader/FolderHeader.test.tsx">
        <testCase name="renders Nestle Production Line" duration="23"/>
    </file>
    <file path="/media/umar/EDUCATION1/Development/Kevin/se/src/components/Sidebar/SidebarFolder/MultiSelectTreeView.test.tsx">
        <testCase name="renders Nestle Production Line" duration="104"/>
    </file>
    <file path="/Users/basithussain/Desktop/se/src/components/DashboardMain/MainHeader/MainHeader.test.tsx">
        <testCase name="Sidebar nav setting icon displays a setting image" duration="61"/>
        <testCase name="Button1Test should render a button with the name of Full View" duration="48"/>
        <testCase name="Button2Test should render a button with the name of logical" duration="19"/>
        <testCase name="Button3Test should render a button with the name of Topology" duration="13"/>
        <testCase name="Button4Test should render a button with the name of Applications" duration="17"/>
    </file>
    <file path="/Users/basithussain/Desktop/se/src/components/DashboardMain/DashboardContent/DashboardCard/Dashboard.test.tsx">
        <testCase name="renders Bottling" duration="21"/>
        <testCase name="displays a info image" duration="5"/>
    </file>
    <file path="/Users/basithussain/Desktop/se/src/components/Sidebar/SidebarHeader/SidebarHeader.test.tsx">
        <testCase name="renders System explorer" duration="11"/>
    </file>
</testExecutions>